<?xml version="1.0" encoding="UTF-8"?>
<!-- Generated by org.testng.reporters.JUnitReportReporter -->
<testsuite hostname="Stinger" failures="0" tests="1" name="TestCases.LoginApplication" time="40.613" errors="0" timestamp="17 Jun 2018 16:34:49 GMT" skipped="0">
  <testcase classname="TestCases.LoginApplication" name="Login" time="40.613"/>
</testsuite> <!-- TestCases.LoginApplication -->
